0 info it worked if it ends with ok
1 verbose cli [ 'C:\\Program Files\\nodejs\\\\node.exe',
1 verbose cli   'C:\\Program Files\\nodejs\\node_modules\\npm\\bin\\npm-cli.js',
1 verbose cli   'install',
1 verbose cli   'sqlserver' ]
2 info using npm@1.4.28
3 info using node@v0.10.36
4 verbose node symlink C:\Program Files\nodejs\\node.exe
5 verbose cache add [ 'sqlserver', null ]
6 verbose cache add name=undefined spec="sqlserver" args=["sqlserver",null]
7 verbose parsed url { protocol: null,
7 verbose parsed url   slashes: null,
7 verbose parsed url   auth: null,
7 verbose parsed url   host: null,
7 verbose parsed url   port: null,
7 verbose parsed url   hostname: null,
7 verbose parsed url   hash: null,
7 verbose parsed url   search: null,
7 verbose parsed url   query: null,
7 verbose parsed url   pathname: 'sqlserver',
7 verbose parsed url   path: 'sqlserver',
7 verbose parsed url   href: 'sqlserver' }
8 silly lockFile 8d0ca825-sqlserver sqlserver
9 verbose lock sqlserver C:\Users\akhilsahni\AppData\Roaming\npm-cache\8d0ca825-sqlserver.lock
10 silly lockFile 8d0ca825-sqlserver sqlserver
11 silly lockFile 8d0ca825-sqlserver sqlserver
12 verbose addNamed [ 'sqlserver', '' ]
13 verbose addNamed [ null, '*' ]
14 silly lockFile 9f2ad254-sqlserver sqlserver@
15 verbose lock sqlserver@ C:\Users\akhilsahni\AppData\Roaming\npm-cache\9f2ad254-sqlserver.lock
16 silly addNameRange { name: 'sqlserver', range: '*', hasData: false }
17 verbose request where is /sqlserver
18 verbose request registry https://registry.npmjs.org/
19 verbose request id 6486fdb3c083c694
20 verbose url raw /sqlserver
21 verbose url resolving [ 'https://registry.npmjs.org/', './sqlserver' ]
22 verbose url resolved https://registry.npmjs.org/sqlserver
23 verbose request where is https://registry.npmjs.org/sqlserver
24 info trying registry request attempt 1 at 09:43:37
25 http GET https://registry.npmjs.org/sqlserver
26 http 404 https://registry.npmjs.org/sqlserver
27 verbose headers { date: 'Tue, 10 Mar 2015 04:12:48 GMT',
27 verbose headers   server: 'CouchDB/1.5.0 (Erlang OTP/R16B03)',
27 verbose headers   'content-type': 'application/json',
27 verbose headers   'cache-control': 'max-age=0',
27 verbose headers   'content-length': '52',
27 verbose headers   'accept-ranges': 'bytes',
27 verbose headers   via: '1.1 varnish',
27 verbose headers   age: '0',
27 verbose headers   'x-served-by': 'cache-ams4123-AMS',
27 verbose headers   'x-cache': 'MISS',
27 verbose headers   'x-cache-hits': '0',
27 verbose headers   'x-timer': 'S1425960768.433634,VS0,VE345',
27 verbose headers   'keep-alive': 'timeout=10, max=50',
27 verbose headers   connection: 'Keep-Alive' }
28 silly registry.get cb [ 404,
28 silly registry.get   { date: 'Tue, 10 Mar 2015 04:12:48 GMT',
28 silly registry.get     server: 'CouchDB/1.5.0 (Erlang OTP/R16B03)',
28 silly registry.get     'content-type': 'application/json',
28 silly registry.get     'cache-control': 'max-age=0',
28 silly registry.get     'content-length': '52',
28 silly registry.get     'accept-ranges': 'bytes',
28 silly registry.get     via: '1.1 varnish',
28 silly registry.get     age: '0',
28 silly registry.get     'x-served-by': 'cache-ams4123-AMS',
28 silly registry.get     'x-cache': 'MISS',
28 silly registry.get     'x-cache-hits': '0',
28 silly registry.get     'x-timer': 'S1425960768.433634,VS0,VE345',
28 silly registry.get     'keep-alive': 'timeout=10, max=50',
28 silly registry.get     connection: 'Keep-Alive' } ]
29 silly lockFile 9f2ad254-sqlserver sqlserver@
30 silly lockFile 9f2ad254-sqlserver sqlserver@
31 error 404 404 Not Found: sqlserver
31 error 404
31 error 404 'sqlserver' is not in the npm registry.
31 error 404 You should bug the author to publish it
31 error 404
31 error 404 Note that you can also install from a
31 error 404 tarball, folder, or http url, or git url.
32 error System Windows_NT 6.1.7601
33 error command "C:\\Program Files\\nodejs\\\\node.exe" "C:\\Program Files\\nodejs\\node_modules\\npm\\bin\\npm-cli.js" "install" "sqlserver"
34 error cwd E:\NTEG\IPLBid\API
35 error node -v v0.10.36
36 error npm -v 1.4.28
37 error code E404
38 verbose exit [ 1, true ]
